0 info it worked if it ends with ok
1 verbose cli [ 'node', '/usr/bin/npm', 'install', '--save', 'express-compress' ]
2 info using npm@1.4.4
3 info using node@v0.10.29
4 verbose node symlink /usr/bin/node
5 warn package.json teachable@0.0.0 No repository field.
6 verbose readDependencies using package.json deps
7 verbose cache add [ 'express-compress', null ]
8 verbose cache add name=undefined spec="express-compress" args=["express-compress",null]
9 verbose parsed url { protocol: null,
9 verbose parsed url   slashes: null,
9 verbose parsed url   auth: null,
9 verbose parsed url   host: null,
9 verbose parsed url   port: null,
9 verbose parsed url   hostname: null,
9 verbose parsed url   hash: null,
9 verbose parsed url   search: null,
9 verbose parsed url   query: null,
9 verbose parsed url   pathname: 'express-compress',
9 verbose parsed url   path: 'express-compress',
9 verbose parsed url   href: 'express-compress' }
10 silly lockFile f8d4d0d3-express-compress express-compress
11 verbose lock express-compress /home/hecht/.npm/f8d4d0d3-express-compress.lock
12 silly lockFile f8d4d0d3-express-compress express-compress
13 silly lockFile f8d4d0d3-express-compress express-compress
14 verbose addNamed [ 'express-compress', '' ]
15 verbose addNamed [ null, '*' ]
16 silly lockFile 0979e706-express-compress express-compress@
17 verbose lock express-compress@ /home/hecht/.npm/0979e706-express-compress.lock
18 silly addNameRange { name: 'express-compress', range: '*', hasData: false }
19 verbose url raw express-compress
20 verbose url resolving [ 'https://registry.npmjs.org/', './express-compress' ]
21 verbose url resolved https://registry.npmjs.org/express-compress
22 info trying registry request attempt 1 at 20:47:17
23 http GET https://registry.npmjs.org/express-compress
24 http 404 https://registry.npmjs.org/express-compress
25 silly registry.get cb [ 404,
25 silly registry.get   { server: 'CouchDB/1.5.0 (Erlang OTP/R16B03)',
25 silly registry.get     'content-type': 'application/json',
25 silly registry.get     'cache-control': 'max-age=0',
25 silly registry.get     'content-length': '51',
25 silly registry.get     'accept-ranges': 'bytes',
25 silly registry.get     date: 'Thu, 07 May 2015 18:47:20 GMT',
25 silly registry.get     via: '1.1 varnish',
25 silly registry.get     age: '0',
25 silly registry.get     connection: 'keep-alive',
25 silly registry.get     'x-served-by': 'cache-ams4142-AMS',
25 silly registry.get     'x-cache': 'MISS',
25 silly registry.get     'x-cache-hits': '0',
25 silly registry.get     'x-timer': 'S1431024439.653255,VS0,VE675' } ]
26 silly lockFile 0979e706-express-compress express-compress@
27 silly lockFile 0979e706-express-compress express-compress@
28 error 404 'express-compress' is not in the npm registry.
28 error 404 You should bug the author to publish it
28 error 404 It was specified as a dependency of 'teachable'
28 error 404
28 error 404 Note that you can also install from a
28 error 404 tarball, folder, or http url, or git url.
29 error System Linux 3.2.0-4-amd64
30 error command "node" "/usr/bin/npm" "install" "--save" "express-compress"
31 error cwd /home/hecht/projects/teachable
32 error node -v v0.10.29
33 error npm -v 1.4.4
34 error code E404
35 verbose exit [ 1, true ]
